Using pre-set license
Built from '2022.3/staging' branch; Version is '2022.3.1f1 (f18e0c1b5784) revision 15830540'; Using compiler version '192829333'; Build Type 'Release'
OS: 'Windows 10  (10.0.19045) 64bit Professional' Language: 'en' Physical Memory: 8071 MB
BatchMode: 1, IsHumanControllingUs: 0, StartBugReporterOnCrash: 0, Is64bit: 1, IsPro: 1

COMMAND LINE ARGUMENTS:
C:\Program Files\Unity\Hub\Editor\2022.3.1f1\Editor\Unity.exe
-adb2
-batchMode
-noUpm
-name
AssetImportWorker0
-projectPath
C:/Users/Hp/Desktop/Unity/Sinister Presence V2
-logFile
Logs/AssetImportWorker0.log
-srvPort
54667
Successfully changed project path to: C:/Users/Hp/Desktop/Unity/Sinister Presence V2
C:/Users/Hp/Desktop/Unity/Sinister Presence V2
[UnityMemory] Configuration Parameters - Can be set up in boot.config
    "memorysetup-bucket-allocator-granularity=16"
    "memorysetup-bucket-allocator-bucket-count=8"
    "memorysetup-bucket-allocator-block-size=33554432"
    "memorysetup-bucket-allocator-block-count=8"
    "memorysetup-main-allocator-block-size=16777216"
    "memorysetup-thread-allocator-block-size=16777216"
    "memorysetup-gfx-main-allocator-block-size=16777216"
    "memorysetup-gfx-thread-allocator-block-size=16777216"
    "memorysetup-cache-allocator-block-size=4194304"
    "memorysetup-typetree-allocator-block-size=2097152"
    "memorysetup-profiler-bucket-allocator-granularity=16"
    "memorysetup-profiler-bucket-allocator-bucket-count=8"
    "memorysetup-profiler-bucket-allocator-block-size=33554432"
    "memorysetup-profiler-bucket-allocator-block-count=8"
    "memorysetup-profiler-allocator-block-size=16777216"
    "memorysetup-profiler-editor-allocator-block-size=1048576"
    "memorysetup-temp-allocator-size-main=16777216"
    "memorysetup-job-temp-allocator-block-size=2097152"
    "memorysetup-job-temp-allocator-block-size-background=1048576"
    "memorysetup-job-temp-allocator-reduction-small-platforms=262144"
    "memorysetup-allocator-temp-initial-block-size-main=262144"
    "memorysetup-allocator-temp-initial-block-size-worker=262144"
    "memorysetup-temp-allocator-size-background-worker=32768"
    "memorysetup-temp-allocator-size-job-worker=262144"
    "memorysetup-temp-allocator-size-preload-manager=33554432"
    "memorysetup-temp-allocator-size-nav-mesh-worker=65536"
    "memorysetup-temp-allocator-size-audio-worker=65536"
    "memorysetup-temp-allocator-size-cloud-worker=32768"
    "memorysetup-temp-allocator-size-gi-baking-worker=262144"
    "memorysetup-temp-allocator-size-gfx=262144"
Player connection [14320] Host "[IP] 192.168.56.1 [Port] 0 [Flags] 2 [Guid] 2272789190 [EditorId] 2272789190 [Version] 1048832 [Id] WindowsEditor(7,naitik-ka-ghar) [Debug] 1 [PackageName] WindowsEditor [ProjectName] Editor" joined multi-casting on [225.0.0.222:54997]...

Player connection [14320] Host "[IP] 192.168.56.1 [Port] 0 [Flags] 2 [Guid] 2272789190 [EditorId] 2272789190 [Version] 1048832 [Id] WindowsEditor(7,naitik-ka-ghar) [Debug] 1 [PackageName] WindowsEditor [ProjectName] Editor" joined alternative multi-casting on [225.0.0.222:34997]...

Refreshing native plugins compatible for Editor in 208.68 ms, found 3 plugins.
Preloading 0 native plugins for Editor in 0.00 ms.
Initialize engine version: 2022.3.1f1 (f18e0c1b5784)
[Subsystems] Discovering subsystems at path C:/Program Files/Unity/Hub/Editor/2022.3.1f1/Editor/Data/Resources/UnitySubsystems
[Subsystems] Discovering subsystems at path C:/Users/Hp/Desktop/Unity/Sinister Presence V2/Assets
GfxDevice: creating device client; threaded=0; jobified=0
Direct3D:
    Version:  Direct3D 11.0 [level 11.1]
    Renderer: Intel(R) HD Graphics 620 (ID=0x5916)
    Vendor:   Intel
    VRAM:     4035 MB
    Driver:   31.0.101.2111
Initialize mono
Mono path[0] = 'C:/Program Files/Unity/Hub/Editor/2022.3.1f1/Editor/Data/Managed'
Mono path[1] = 'C:/Program Files/Unity/Hub/Editor/2022.3.1f1/Editor/Data/MonoBleedingEdge/lib/mono/unityjit-win32'
Mono config path = 'C:/Program Files/Unity/Hub/Editor/2022.3.1f1/Editor/Data/MonoBleedingEdge/etc'
Using monoOptions --debugger-agent=transport=dt_socket,embedding=1,server=y,suspend=n,address=127.0.0.1:56184
Begin MonoManager ReloadAssembly
Registering precompiled unity dll's ...
Register platform support module: C:/Program Files/Unity/Hub/Editor/2022.3.1f1/Editor/Data/PlaybackEngines/WebGLSupport/UnityEditor.WebGL.Extensions.dll
Register platform support module: C:/Program Files/Unity/Hub/Editor/2022.3.1f1/Editor/Data/PlaybackEngines/WindowsStandaloneSupport/UnityEditor.WindowsStandalone.Extensions.dll
Registered in 0.039133 seconds.
- Loaded All Assemblies, in  3.743 seconds
Native extension for WindowsStandalone target not found
Native extension for WebGL target not found
Mono: successfully reloaded assembly
- Finished resetting the current domain, in  0.835 seconds
Domain Reload Profiling: 4574ms
	BeginReloadAssembly (596ms)
		ExecutionOrderSort (0ms)
		DisableScriptedObjects (0ms)
		BackupInstance (0ms)
		ReleaseScriptingObjects (1ms)
		CreateAndSetChildDomain (13ms)
	RebuildCommonClasses (984ms)
	RebuildNativeTypeToScriptingClass (40ms)
	initialDomainReloadingComplete (233ms)
	LoadAllAssembliesAndSetupDomain (1884ms)
		LoadAssemblies (572ms)
		RebuildTransferFunctionScriptingTraits (0ms)
		AnalyzeDomain (1857ms)
			TypeCache.Refresh (1855ms)
				TypeCache.ScanAssembly (1402ms)
			ScanForSourceGeneratedMonoScriptInfo (1ms)
			ResolveRequiredComponents (1ms)
	FinalizeReload (837ms)
		ReleaseScriptCaches (0ms)
		RebuildScriptCaches (0ms)
		SetupLoadedEditorAssemblies (694ms)
			LogAssemblyErrors (0ms)
			InitializePlatformSupportModulesInManaged (22ms)
			SetLoadedEditorAssemblies (9ms)
			RefreshPlugins (0ms)
			BeforeProcessingInitializeOnLoad (4ms)
			ProcessInitializeOnLoadAttributes (316ms)
			ProcessInitializeOnLoadMethodAttributes (343ms)
			AfterProcessingInitializeOnLoad (0ms)
			EditorAssembliesLoaded (1ms)
		ExecutionOrderSort2 (0ms)
		AwakeInstancesAfterBackupRestoration (0ms)
========================================================================
Worker process is ready to serve import requests
Begin MonoManager ReloadAssembly
Symbol file LoadedFromMemory doesn't match image C:\Users\Hp\Desktop\Unity\Sinister Presence V2\Library\PackageCache\com.unity.visualscripting@1.8.0\Editor\VisualScripting.Core\Dependencies\YamlDotNet\Unity.VisualScripting.YamlDotNet.dll
Symbol file LoadedFromMemory doesn't match image C:\Users\Hp\Desktop\Unity\Sinister Presence V2\Library\PackageCache\com.unity.visualscripting@1.8.0\Editor\VisualScripting.Core\Dependencies\DotNetZip\Unity.VisualScripting.IonicZip.dll
- Loaded All Assemblies, in  8.149 seconds
Refreshing native plugins compatible for Editor in 14.37 ms, found 3 plugins.
Native extension for WindowsStandalone target not found
Native extension for WebGL target not found
Mono: successfully reloaded assembly
- Finished resetting the current domain, in  1.257 seconds
Domain Reload Profiling: 9335ms
	BeginReloadAssembly (992ms)
		ExecutionOrderSort (0ms)
		DisableScriptedObjects (28ms)
		BackupInstance (0ms)
		ReleaseScriptingObjects (1ms)
		CreateAndSetChildDomain (306ms)
	RebuildCommonClasses (207ms)
	RebuildNativeTypeToScriptingClass (143ms)
	initialDomainReloadingComplete (1323ms)
	LoadAllAssembliesAndSetupDomain (5413ms)
		LoadAssemblies (5085ms)
		RebuildTransferFunctionScriptingTraits (0ms)
		AnalyzeDomain (785ms)
			TypeCache.Refresh (722ms)
				TypeCache.ScanAssembly (633ms)
			ScanForSourceGeneratedMonoScriptInfo (40ms)
			ResolveRequiredComponents (22ms)
	FinalizeReload (1257ms)
		ReleaseScriptCaches (0ms)
		RebuildScriptCaches (0ms)
		SetupLoadedEditorAssemblies (925ms)
			LogAssemblyErrors (0ms)
			InitializePlatformSupportModulesInManaged (15ms)
			SetLoadedEditorAssemblies (7ms)
			RefreshPlugins (0ms)
			BeforeProcessingInitializeOnLoad (155ms)
			ProcessInitializeOnLoadAttributes (594ms)
			ProcessInitializeOnLoadMethodAttributes (140ms)
			AfterProcessingInitializeOnLoad (14ms)
			EditorAssembliesLoaded (0ms)
		ExecutionOrderSort2 (0ms)
		AwakeInstancesAfterBackupRestoration (10ms)
Launched and connected shader compiler UnityShaderCompiler.exe after 0.13 seconds
Refreshing native plugins compatible for Editor in 18.61 ms, found 3 plugins.
Preloading 0 native plugins for Editor in 0.00 ms.
Unloading 5224 Unused Serialized files (Serialized files now loaded: 0)
Unloading 77 unused Assets / (1.6 MB). Loaded Objects now: 5701.
Memory consumption went from 250.8 MB to 249.2 MB.
Total: 25.119000 ms (FindLiveObjects: 8.056800 ms CreateObjectMapping: 1.140300 ms MarkObjects: 14.656700 ms  DeleteObjects: 1.262700 ms)

AssetImportParameters requested are different than current active one (requested -> active):
  custom:container-demuxer-ogg: 62fdf1f143b41e24485cea50d1cbac27 -> 
  custom:video-decoder-ogg-theora: a1e56fd34408186e4bbccfd4996cb3dc -> 
  custom:framework-win-MediaFoundation: 216162199b28c13a410421893ffa2e32 -> 
  custom:container-demuxer-webm: 4f35f7cbe854078d1ac9338744f61a02 -> 
  custom:container-muxer-webm: aa71ff27fc2769a1b78a27578f13a17b -> 
  custom:video-decoder-webm-vp8: 9c59270c3fd7afecdb556c50c9e8de78 -> 
  custom:SearchIndexIgnoredProperties: e643bd26f0fe6173181afceb89e7c659 -> 
  custom:AudioImporter_EditorPlatform: d09bf68614088b80899f8185d706f6e7 -> 
  custom:video-encoder-webm-vp8: eb34c28f22e8b96e1ab97ce403110664 -> 
  custom:audio-decoder-ogg-vorbis: bf7c407c2cedff20999df2af8eb42d56 -> 
  custom:audio-encoder-webm-vorbis: bf7c407c2cedff20999df2af8eb42d56 -> 
========================================================================
Received Import Request.
  Time since last request: 664435.266936 seconds.
  path: Assets/Retro Cartoon Car Cicada/Textures/CICADA_3072.psd
  artifactKey: Guid(4b360b5483273634ebdc5b33786ad3a9) Importer(815301076,1909f56bfc062723c751e8b465ee728b)
Start importing Assets/Retro Cartoon Car Cicada/Textures/CICADA_3072.psd using Guid(4b360b5483273634ebdc5b33786ad3a9) Importer(815301076,1909f56bfc062723c751e8b465ee728b)  -> (artifact id: 'e2f5a9dd1489bbde9e03b29f60b8249d') in 0.376616 seconds
Number of updated asset objects reloaded before import = 0
Number of asset objects unloaded after import = 1
========================================================================
Received Import Request.
  Time since last request: 0.000078 seconds.
  path: Assets/Retro Cartoon Car Cicada/Prefabs/CICADA_PARENT.prefab
  artifactKey: Guid(1b1197426fc4bfd4b9fe4ec3eda40847) Importer(815301076,1909f56bfc062723c751e8b465ee728b)
Start importing Assets/Retro Cartoon Car Cicada/Prefabs/CICADA_PARENT.prefab using Guid(1b1197426fc4bfd4b9fe4ec3eda40847) Importer(815301076,1909f56bfc062723c751e8b465ee728b)  -> (artifact id: '733099b66a492da1a1e0284445b37b46') in 0.790892 seconds
Number of updated asset objects reloaded before import = 0
Number of asset objects unloaded after import = 148
========================================================================
Received Import Request.
  Time since last request: 0.000084 seconds.
  path: Assets/Retro Cartoon Car Cicada/Meshes
  artifactKey: Guid(5fbee3abd31460542a24d5932f76713b) Importer(815301076,1909f56bfc062723c751e8b465ee728b)
Start importing Assets/Retro Cartoon Car Cicada/Meshes using Guid(5fbee3abd31460542a24d5932f76713b) Importer(815301076,1909f56bfc062723c751e8b465ee728b)  -> (artifact id: 'aefd8f671a041e14aeb24edc70fdbec4') in 0.008199 seconds
Number of updated asset objects reloaded before import = 0
Number of asset objects unloaded after import = 0
========================================================================
Received Import Request.
  Time since last request: 0.000137 seconds.
  path: Assets/Retro Cartoon Car Cicada/Meshes/CICADA_LOW.FBX
  artifactKey: Guid(828ab6930cf96984f99615e6ea09c0f7) Importer(815301076,1909f56bfc062723c751e8b465ee728b)
Start importing Assets/Retro Cartoon Car Cicada/Meshes/CICADA_LOW.FBX using Guid(828ab6930cf96984f99615e6ea09c0f7) Importer(815301076,1909f56bfc062723c751e8b465ee728b)  -> (artifact id: 'a7aac32ea761408d8e53b2b31c189c54') in 0.014845 seconds
Number of updated asset objects reloaded before import = 0
Number of asset objects unloaded after import = 43
========================================================================
Received Import Request.
  Time since last request: 0.000033 seconds.
  path: Assets/Retro Cartoon Car Cicada/Meshes/cicada_shadow.FBX
  artifactKey: Guid(32e3dce162fd06e45b9b3ca284e71bb1) Importer(815301076,1909f56bfc062723c751e8b465ee728b)
Start importing Assets/Retro Cartoon Car Cicada/Meshes/cicada_shadow.FBX using Guid(32e3dce162fd06e45b9b3ca284e71bb1) Importer(815301076,1909f56bfc062723c751e8b465ee728b)  -> (artifact id: 'deb12d4219f2a6551828b1c8b4c1b3a9') in 0.003519 seconds
Number of updated asset objects reloaded before import = 0
Number of asset objects unloaded after import = 7
========================================================================
Received Import Request.
  Time since last request: 0.000023 seconds.
  path: Assets/Retro Cartoon Car Cicada/Meshes/CICADA_COLLIDER.FBX
  artifactKey: Guid(d4728cf79224dc34d86ed621c62afa7c) Importer(815301076,1909f56bfc062723c751e8b465ee728b)
Start importing Assets/Retro Cartoon Car Cicada/Meshes/CICADA_COLLIDER.FBX using Guid(d4728cf79224dc34d86ed621c62afa7c) Importer(815301076,1909f56bfc062723c751e8b465ee728b)  -> (artifact id: '8b1727f4d5ac84e06ea2b50d8fe21d52') in 0.008255 seconds
Number of updated asset objects reloaded before import = 0
Number of asset objects unloaded after import = 9
========================================================================
Received Import Request.
  Time since last request: 0.000074 seconds.
  path: Assets/Retro Cartoon Car Cicada/Textures/CICADA_4096.psd
  artifactKey: Guid(2f0e115e69f0da8428107997efb890b8) Importer(815301076,1909f56bfc062723c751e8b465ee728b)
Start importing Assets/Retro Cartoon Car Cicada/Textures/CICADA_4096.psd using Guid(2f0e115e69f0da8428107997efb890b8) Importer(815301076,1909f56bfc062723c751e8b465ee728b)  -> (artifact id: '7b08a61e623d9f74cbc008acd281fcff') in 0.252080 seconds
Number of updated asset objects reloaded before import = 0
Number of asset objects unloaded after import = 1
========================================================================
Received Import Request.
  Time since last request: 0.000030 seconds.
  path: Assets/Retro Cartoon Car Cicada/Textures/cicada_shadow.psd
  artifactKey: Guid(eaefd4d32525a4947bbbbf96de2727d0) Importer(815301076,1909f56bfc062723c751e8b465ee728b)
Start importing Assets/Retro Cartoon Car Cicada/Textures/cicada_shadow.psd using Guid(eaefd4d32525a4947bbbbf96de2727d0) Importer(815301076,1909f56bfc062723c751e8b465ee728b)  -> (artifact id: '03911f2d3c67a006565f5b42781c3ea9') in 0.008370 seconds
Number of updated asset objects reloaded before import = 0
Number of asset objects unloaded after import = 1
========================================================================
Received Import Request.
  Time since last request: 0.000064 seconds.
  path: Assets/Retro Cartoon Car Cicada/Textures
  artifactKey: Guid(4b9257267d95dae4f86f21fd54911080) Importer(815301076,1909f56bfc062723c751e8b465ee728b)
Start importing Assets/Retro Cartoon Car Cicada/Textures using Guid(4b9257267d95dae4f86f21fd54911080) Importer(815301076,1909f56bfc062723c751e8b465ee728b)  -> (artifact id: '659020f7cfeb4d89ce2e4b1f7d90c6cd') in 0.000767 seconds
Number of updated asset objects reloaded before import = 0
Number of asset objects unloaded after import = 0
========================================================================
Received Import Request.
  Time since last request: 0.000081 seconds.
  path: Assets/Retro Cartoon Car Cicada/Meshes/CICADA_HI.FBX
  artifactKey: Guid(65a090704015245488740a1e2357c69c) Importer(815301076,1909f56bfc062723c751e8b465ee728b)
Start importing Assets/Retro Cartoon Car Cicada/Meshes/CICADA_HI.FBX using Guid(65a090704015245488740a1e2357c69c) Importer(815301076,1909f56bfc062723c751e8b465ee728b)  -> (artifact id: 'f5af6d92499591a2671dd44a2e983ce5') in 0.012295 seconds
Number of updated asset objects reloaded before import = 0
Number of asset objects unloaded after import = 103
